{"name": "test_ask_a_question_module_end_user[chrome-Bari-Test-Testdesc]", "status": "broken", "statusDetails": {"message": "selenium.common.exceptions.TimeoutException: Message:", "trace": "self = <TestCases.test_ask_a_question_module_end_user.TestAskAQuestionModuleEndUser object at 0x7fa288ddc130>, office = 'Bari', summary = 'Test', description = 'Testdesc'\n\n    @pytest.mark.parametrize('office,summary, description', read_data(\"Ask A Question\"))\n    def test_ask_a_question_module_end_user(self, office, summary, description):\n    # def test_ask_a_question_module_end_user(self,):\n        print(\"inside\")\n        self.driver.get(\"https://supporttest.condenastint.com/sp\")\n        time.sleep(3)\n    \n    \n        login_cred_obj = LoginCred(self.driver)\n>       login_cred_obj.login_cred()\n\nTestCases/test_ask_a_question_module_end_user.py:29: \n_ _ _ _ _ _ _ _ _ _ _ _ _ _ _ _ _ _ _ _ _ _ _ _ _ _ _ _ _ _ _ _ _ _ _ _ _ _ _ _ _ _ _ _ _ _ _ _ _ _ _ _ _ _ _ _ _ _ _ _ _ _ _ _ _ _ _ _ _ _ _ _ _ _ _ _ _ _ _ _ _ _ _ _ _ _ _ _ _ _ _ _ _ _ _ _ _ _ _ _ _ _ _ _ _ _ _ _ _ _\nConfig/login_cred.py:17: in login_cred\n    self.click(Locators.PASSWORD_OKTA_TEXTBOX)\nPages/BasePage.py:24: in click\n    WebDriverWait(self.driver, 10).until(EC.visibility_of_element_located(by_locator)).click()\n_ _ _ _ _ _ _ _ _ _ _ _ _ _ _ _ _ _ _ _ _ _ _ _ _ _ _ _ _ _ _ _ _ _ _ _ _ _ _ _ _ _ _ _ _ _ _ _ _ _ _ _ _ _ _ _ _ _ _ _ _ _ _ _ _ _ _ _ _ _ _ _ _ _ _ _ _ _ _ _ _ _ _ _ _ _ _ _ _ _ _ _ _ _ _ _ _ _ _ _ _ _ _ _ _ _ _ _ _ _\n\nself = <selenium.webdriver.support.wait.WebDriverWait (session=\"b787ea7519dc5bb074d99cc8a7b28736\")>, method = <selenium.webdriver.support.expected_conditions.visibility_of_element_located object at 0x7fa288dd1a30>\nmessage = ''\n\n    def until(self, method, message=''):\n        \"\"\"Calls the method provided with the driver as an argument until the \\\n        return value is not False.\"\"\"\n        screen = None\n        stacktrace = None\n    \n        end_time = time.time() + self._timeout\n        while True:\n            try:\n                value = method(self._driver)\n                if value:\n                    return value\n            except self._ignored_exceptions as exc:\n                screen = getattr(exc, 'screen', None)\n                stacktrace = getattr(exc, 'stacktrace', None)\n            time.sleep(self._poll)\n            if time.time() > end_time:\n                break\n>       raise TimeoutException(message, screen, stacktrace)\nE       selenium.common.exceptions.TimeoutException: Message:\n\n../../Library/Python/3.9/lib/python/site-packages/selenium/webdriver/support/wait.py:80: TimeoutException"}, "attachments": [{"name": "stdout", "source": "3d90bb68-f7fa-4a2e-a007-69ed3190e758-attachment.txt", "type": "text/plain"}], "parameters": [{"name": "init_driver", "value": "'chrome'"}, {"name": "office", "value": "'Bari'"}, {"name": "summary", "value": "'Test'"}, {"name": "description", "value": "'Testdesc'"}], "start": 1639034156351, "stop": 1639034188125, "uuid": "ac4db1e4-dbf2-4871-938d-3bab60ed5d3f", "historyId": "ef65e00bb9af55d60610399e169b7577", "testCaseId": "ea09ce801f6ab2aebaec07ebfa4c823c", "fullName": "TestCases.test_ask_a_question_module_end_user.TestAskAQuestionModuleEndUser#test_ask_a_question_module_end_user", "labels": [{"name": "tag", "value": "@pytest.mark.usefixtures('init_driver')"}, {"name": "parentSuite", "value": "TestCases"}, {"name": "suite", "value": "test_ask_a_question_module_end_user"}, {"name": "subSuite", "value": "TestAskAQuestionModuleEndUser"}, {"name": "host", "value": "X7E062921133115"}, {"name": "thread", "value": "57018-MainThread"}, {"name": "framework", "value": "pytest"}, {"name": "language", "value": "cpython3"}, {"name": "package", "value": "TestCases.test_ask_a_question_module_end_user"}]}